<?xml version="1.0" encoding="UTF-8"?>
<!-- Generated by org.testng.reporters.JUnitXMLReporter -->
<testsuite ignored="0" hostname="CUP-IOC-809" failures="1" tests="3" name="ChromeTest" time="5229.234" errors="0" timestamp="2024-05-28T12:34:45 IST">
  <testcase classname="crossbrowser.CrossBrowserTest" name="cambridgeLogin" time="4.639"/>
  <testcase classname="crossbrowser.CrossBrowserTest" name="Material" time="106.205"/>
  <testcase classname="crossbrowser.CrossBrowserTest" name="ClickingonLessons" time="5116.31">
    <failure type="org.openqa.selenium.ElementClickInterceptedException" message="element click intercepted: Element &amp;lt;input type=&amp;quot;text&amp;quot; size=&amp;quot;&amp;quot; style=&amp;quot;width: 181px; --width: 181px;&amp;quot; spellcheck=&amp;quot;false&amp;quot; autocapitalize=&amp;quot;off&amp;quot; autocorrect=&amp;quot;off&amp;quot; autocomplete=&amp;quot;new-password&amp;quot; aria-label=&amp;quot;Gap 3 with 10 possible answers. Write your answer in this gap. Underscore, Underscore, Underscore, Underscore, blank space, Underscore, Underscore, Underscore, blank space, Underscore, Underscore, Underscore.&amp;quot;&amp;gt; is not clickable at point (864, 24). Other element would receive the click: &amp;lt;ul class=&amp;quot;progress-bar&amp;quot; aria-hidden=&amp;quot;true&amp;quot;&amp;gt;...&amp;lt;/ul&amp;gt;
  (Session info: chrome=125.0.6422.113)
Build info: version: &amp;apos;4.20.0&amp;apos;, revision: &amp;apos;866c76ca80&amp;apos;
System info: os.name: &amp;apos;Windows 10&amp;apos;, os.arch: &amp;apos;amd64&amp;apos;, os.version: &amp;apos;10.0&amp;apos;, java.version: &amp;apos;19.0.2&amp;apos;
Driver info: org.openqa.selenium.chrome.ChromeDriver
Command: [8ed76fff10ad043b79b93ba050b0e464, clickElement {id=f.5EE39735CCDAD4F9DC27D9B7243D98CC.d.8E82B66A8132F3F33499C1C626291EE3.e.1363}]
Capabilities {acceptInsecureCerts: false, browserName: chrome, browserVersion: 125.0.6422.113, chrome: {chromedriverVersion: 125.0.6422.78 (14db42ec38ad..., userDataDir: C:\Users\spolani\AppData\Lo...}, fedcm:accounts: true, goog:chromeOptions: {debuggerAddress: localhost:52931}, networkConnectionEnabled: false, pageLoadStrategy: normal, platformName: windows, proxy: Proxy(), se:cdp: ws://localhost:52931/devtoo..., se:cdpVersion: 125.0.6422.113, setWindowRect: true, strictFileInteractability: false, timeouts: {implicit: 0, pageLoad: 300000, script: 30000}, unhandledPromptBehavior: dismiss and notify, webauthn:extension:credBlob: true, webauthn:extension:largeBlob: true, webauthn:extension:minPinLength: true, webauthn:extension:prf: true, webauthn:virtualAuthenticators: true}
Element: [[ChromeDriver: chrome on windows (8ed76fff10ad043b79b93ba050b0e464)] -&amp;gt; xpath: //div[contains(@class,&amp;apos;input-text has-input&amp;apos;)]//input]
Session ID: 8ed76fff10ad043b79b93ba050b0e464">
      <![CDATA[org.openqa.selenium.ElementClickInterceptedException: element click intercepted: Element <input type="text" size="" style="width: 181px; --width: 181px;" spellcheck="false" autocapitalize="off" autocorrect="off" autocomplete="new-password" aria-label="Gap 3 with 10 possible answers. Write your answer in this gap. Underscore, Underscore, Underscore, Underscore, blank space, Underscore, Underscore, Underscore, blank space, Underscore, Underscore, Underscore."> is not clickable at point (864, 24). Other element would receive the click: <ul class="progress-bar" aria-hidden="true">...</ul>
  (Session info: chrome=125.0.6422.113)
Build info: version: '4.20.0', revision: '866c76ca80'
System info: os.name: 'Windows 10', os.arch: 'amd64', os.version: '10.0', java.version: '19.0.2'
Driver info: org.openqa.selenium.chrome.ChromeDriver
Command: [8ed76fff10ad043b79b93ba050b0e464, clickElement {id=f.5EE39735CCDAD4F9DC27D9B7243D98CC.d.8E82B66A8132F3F33499C1C626291EE3.e.1363}]
Capabilities {acceptInsecureCerts: false, browserName: chrome, browserVersion: 125.0.6422.113, chrome: {chromedriverVersion: 125.0.6422.78 (14db42ec38ad..., userDataDir: C:\Users\spolani\AppData\Lo...}, fedcm:accounts: true, goog:chromeOptions: {debuggerAddress: localhost:52931}, networkConnectionEnabled: false, pageLoadStrategy: normal, platformName: windows, proxy: Proxy(), se:cdp: ws://localhost:52931/devtoo..., se:cdpVersion: 125.0.6422.113, setWindowRect: true, strictFileInteractability: false, timeouts: {implicit: 0, pageLoad: 300000, script: 30000}, unhandledPromptBehavior: dismiss and notify, webauthn:extension:credBlob: true, webauthn:extension:largeBlob: true, webauthn:extension:minPinLength: true, webauthn:extension:prf: true, webauthn:virtualAuthenticators: true}
Element: [[ChromeDriver: chrome on windows (8ed76fff10ad043b79b93ba050b0e464)] -> xpath: //div[contains(@class,'input-text has-input')]//input]
Session ID: 8ed76fff10ad043b79b93ba050b0e464
at org.openqa.selenium.remote.ErrorCodec.decode(ErrorCodec.java:167)
at org.openqa.selenium.remote.codec.w3c.W3CHttpResponseCodec.decode(W3CHttpResponseCodec.java:138)
at org.openqa.selenium.remote.codec.w3c.W3CHttpResponseCodec.decode(W3CHttpResponseCodec.java:50)
at org.openqa.selenium.remote.HttpCommandExecutor.execute(HttpCommandExecutor.java:190)
at org.openqa.selenium.remote.service.DriverCommandExecutor.invokeExecute(DriverCommandExecutor.java:216)
at org.openqa.selenium.remote.service.DriverCommandExecutor.execute(DriverCommandExecutor.java:174)
at org.openqa.selenium.remote.RemoteWebDriver.execute(RemoteWebDriver.java:518)
at org.openqa.selenium.remote.RemoteWebElement.execute(RemoteWebElement.java:223)
at org.openqa.selenium.remote.RemoteWebElement.click(RemoteWebElement.java:76)
at crossbrowser.CommonUtils.performActivityTesting(CommonUtils.java:2326)
at crossbrowser.CrossBrowserTest.ClickingonLessons(CrossBrowserTest.java:452)
at java.base/java.util.ArrayList.forEach(ArrayList.java:1511)
... Removed 28 stack frames]]>
    </failure>
  </testcase> <!-- ClickingonLessons -->
</testsuite> <!-- ChromeTest -->
